app/mapping.txt
# compiler: R8
# compiler_version: 1.4.94
# min_api: 14
com.example.jack8.floatwindow.AShCalculator.AShCalculator -> com.example.jack8.floatwindow.a.a:
    java.lang.StringBuilder Variable -> a
    java.util.ArrayList CountRecord -> b
    java.lang.String exec(java.lang.String) -> a
com.example.jack8.floatwindow.AShCalculator.Count -> com.example.jack8.floatwindow.a.b:
    java.lang.StringBuilder Value -> a
    java.lang.String Operator -> b
com.example.jack8.floatwindow.AShCalculator.Count_Array -> com.example.jack8.floatwindow.a.c:
com.example.jack8.floatwindow.AShCalculator.Count_Set -> com.example.jack8.floatwindow.a.d:
    void Count(java.util.ArrayList) -> a
    void CountSet(java.util.ArrayList,java.lang.String) -> a
    int CountSet1(java.util.ArrayList,int) -> a
    int CountSet10(java.util.ArrayList,int) -> b
    int CountSet2(java.util.ArrayList,int) -> c
    int CountSet3(java.util.ArrayList,int) -> d
    int CountSet4(java.util.ArrayList,int) -> e
    int CountSet5(java.util.ArrayList,int) -> f
    int CountSet8(java.util.ArrayList,int) -> g
    int CountSet9(java.util.ArrayList,int) -> h
com.example.jack8.floatwindow.AShCalculator.IsNumeric -> com.example.jack8.floatwindow.a.e:
    double isNumeric(java.lang.String) -> a
    boolean isNumericTest(java.lang.String) -> b
com.example.jack8.floatwindow.BookmarkList -> com.example.jack8.floatwindow.m:
    android.content.Context context -> c
    android.support.v7.widget.RecyclerView recyclerView -> e
    com.example.jack8.floatwindow.DataBaseForBrowser$BookmarksDao bookmarksDao -> a
    com.example.jack8.floatwindow.BookmarkList$BookmarkListAdapter bookmarkListAdapter -> f
    java.util.ArrayList bookmarkList -> b
    com.example.jack8.floatwindow.WebBrowser iw -> d
    void Deconstruction() -> a
    void removeBookmark(int) -> a
    void onResume() -> b
com.example.jack8.floatwindow.BookmarkList$1 -> com.example.jack8.floatwindow.b:
    com.example.jack8.floatwindow.BookmarkList this$0 -> a
com.example.jack8.floatwindow.BookmarkList$1$1 -> com.example.jack8.floatwindow.a:
    com.example.jack8.floatwindow.BookmarkList$1 this$1 -> a
com.example.jack8.floatwindow.BookmarkList$2 -> com.example.jack8.floatwindow.d:
    com.example.jack8.floatwindow.BookmarkList this$0 -> b
    int val$index -> a
com.example.jack8.floatwindow.BookmarkList$2$1 -> com.example.jack8.floatwindow.c:
    com.example.jack8.floatwindow.BookmarkList$2 this$1 -> a
com.example.jack8.floatwindow.BookmarkList$BookmarkListAdapter -> com.example.jack8.floatwindow.m$a:
    com.jack8.floatwindow.Window.WindowStruct windowStruct -> e
    com.example.jack8.floatwindow.BookmarkList this$0 -> f
    java.util.ArrayList bookmarkList -> c
    android.content.Context context -> d
    int getItemCount() -> a
    void onBindViewHolder(com.example.jack8.floatwindow.BookmarkList$BookmarkListAdapter$ViewHolder,int) -> a
    void onBindViewHolder(android.support.v7.widget.RecyclerView$ViewHolder,int) -> b
    android.support.v7.widget.RecyclerView$ViewHolder onCreateViewHolder(android.view.ViewGroup,int) -> b
    com.example.jack8.floatwindow.BookmarkList$BookmarkListAdapter$ViewHolder onCreateViewHolder(android.view.ViewGroup,int) -> b
    void Deconstruction() -> d
com.example.jack8.floatwindow.BookmarkList$BookmarkListAdapter$1 -> com.example.jack8.floatwindow.e:
    com.example.jack8.floatwindow.BookmarkList$BookmarkListAdapter this$1 -> b
    com.example.jack8.floatwindow.BookmarkList$BookmarkListAdapter$ViewHolder val$viewHolder -> a
com.example.jack8.floatwindow.BookmarkList$BookmarkListAdapter$2 -> com.example.jack8.floatwindow.l:
    com.example.jack8.floatwindow.BookmarkList$BookmarkListAdapter this$1 -> b
    com.example.jack8.floatwindow.BookmarkList$BookmarkListAdapter$ViewHolder val$viewHolder -> a
com.example.jack8.floatwindow.BookmarkList$BookmarkListAdapter$2$1 -> com.example.jack8.floatwindow.k:
    com.example.jack8.floatwindow.BookmarkList$BookmarkListAdapter$2 this$2 -> b
    android.widget.PopupWindow val$popupWindow -> a
...
com.google.android.gms.internal.ads.zzctn -> com.google.android.gms.internal.ads.YI:
    com.google.android.gms.internal.ads.zzdtu zzfgh -> a
    com.google.android.gms.internal.ads.zzdtu zzfey -> b
    com.google.android.gms.internal.ads.zzctn zzao(com.google.android.gms.internal.ads.zzdtu,com.google.android.gms.internal.ads.zzdtu) -> a
com.google.android.gms.internal.ads.zzcto -> com.google.android.gms.internal.ads.ZI:
com.google.android.gms.internal.ads.zzctp -> com.google.android.gms.internal.ads._I:
    com.google.android.gms.internal.ads.zzcxv zzfjp -> b
    com.google.android.gms.internal.ads.zzaxb zzduk -> d
    android.content.pm.PackageInfo zzdlm -> c
    com.google.android.gms.internal.ads.zzbbl zzfqw -> a
    void zza(java.util.ArrayList,android.os.Bundle) -> a
    com.google.android.gms.internal.ads.zzbbh zzalm() -> a
    com.google.android.gms.internal.ads.zzcto zzalt() -> b
com.google.android.gms.internal.ads.zzctq -> com.google.android.gms.internal.ads.aJ:
    com.google.android.gms.internal.ads.zzctp zzghk -> a
com.google.android.gms.internal.ads.zzctr -> com.google.android.gms.internal.ads.bJ:
    com.google.android.gms.internal.ads.zzcto zzghl -> a
    void zzt(java.lang.Object) -> a
com.google.android.gms.internal.ads.zzcts -> com.google.android.gms.internal.ads.cJ:
    com.google.android.gms.internal.ads.zzcto zzghl -> a
    void zzt(java.lang.Object) -> a
com.google.android.gms.internal.ads.zzctt -> com.google.android.gms.internal.ads.dJ:
    com.google.android.gms.internal.ads.zzctp zzghk -> a
    java.util.ArrayList zzghm -> b
    void zzt(java.lang.Object) -> a
com.google.android.gms.internal.ads.zzctu -> com.google.android.gms.internal.ads.eJ:
    com.google.android.gms.internal.ads.zzdtu zzfwk -> c
    com.google.android.gms.internal.ads.zzdtu zzerj -> d
    com.google.android.gms.internal.ads.zzdtu zzfgh -> a
    com.google.android.gms.internal.ads.zzdtu zzfhr -> b
com.google.android.gms.internal.ads.zzctv -> com.google.android.gms.internal.ads.fJ:
    java.lang.String zzlq -> a
    boolean zze(java.util.Set) -> a
    void zzt(java.lang.Object) -> a
    boolean zzd(java.util.Set) -> b
com.google.android.gms.internal.ads.zzctw -> com.google.android.gms.internal.ads.gJ:
    android.content.Context zzlj -> b
    java.util.Set zzggk -> c
    com.google.android.gms.internal.ads.zzbbl zzfqw -> a
    com.google.android.gms.internal.ads.zzbbh zzalm() -> a
    com.google.android.gms.internal.ads.zzctv zzalu() -> b
com.google.android.gms.internal.ads.zzctx -> com.google.android.gms.internal.ads.hJ:
    com.google.android.gms.internal.ads.zzctw zzghn -> a
com.google.android.gms.internal.ads.zzcty -> com.google.android.gms.internal.ads.iJ:
    com.google.android.gms.internal.ads.zzdtu zzggm -> c
    com.google.android.gms.internal.ads.zzdtu zzfgh -> a
    com.google.android.gms.internal.ads.zzdtu zzeoj -> b
    com.google.android.gms.internal.ads.zzcty zzn(com.google.android.gms.internal.ads.zzdtu,com.google.android.gms.internal.ads.zzdtu,com.google.android.gms.internal.ads.zzdtu) -> a
com.google.android.gms.internal.ads.zzctz -> com.google.android.gms.internal.ads.jJ:
    long zzgho -> b
    com.google.android.gms.internal.ads.zzcva zzggw -> a
    java.util.concurrent.ScheduledExecutorService zzfkf -> c
    com.google.android.gms.internal.ads.zzbbh zzalm() -> a
com.google.android.gms.internal.ads.zzcu -> com.google.android.gms.internal.ads.kJ:
    com.google.android.gms.internal.ads.zzcl zzvc -> a
    void zza(byte[],byte[]) -> a
com.google.android.gms.internal.ads.zzcua -> com.google.android.gms.internal.ads.lJ:
    com.google.android.gms.internal.ads.zzbal zzbqz -> a
    com.google.android.gms.internal.ads.zzbbh zzf(java.lang.Object) -> a